Using pre-set license
Built from '2021.3/staging' branch; Version is '2021.3.3f1 (af2e63e8f9bd) revision 11480675'; Using compiler version '192829333'; Build Type 'Release'
OS: 'Windows 11  (10.0.22000) 64bit Professional' Language: 'fr' Physical Memory: 24524 MB
BatchMode: 1, IsHumanControllingUs: 0, StartBugReporterOnCrash: 0, Is64bit: 1, IsPro: 1

COMMAND LINE ARGUMENTS:
D:\Program Files\Unity\Hub\Editor\2021.3.3f1\Editor\Unity.exe
-adb2
-batchMode
-noUpm
-name
AssetImportWorker0
-projectPath
D:/Program Files/Github_projects/Hype
-logFile
Logs/AssetImportWorker0.log
-srvPort
59979
Successfully changed project path to: D:/Program Files/Github_projects/Hype
D:/Program Files/Github_projects/Hype
[UnityMemory] Configuration Parameters - Can be set up in boot.config
    "memorysetup-bucket-allocator-granularity=16"
    "memorysetup-bucket-allocator-bucket-count=8"
    "memorysetup-bucket-allocator-block-size=33554432"
    "memorysetup-bucket-allocator-block-count=8"
    "memorysetup-main-allocator-block-size=16777216"
    "memorysetup-thread-allocator-block-size=16777216"
    "memorysetup-gfx-main-allocator-block-size=16777216"
    "memorysetup-gfx-thread-allocator-block-size=16777216"
    "memorysetup-cache-allocator-block-size=4194304"
    "memorysetup-typetree-allocator-block-size=2097152"
    "memorysetup-profiler-bucket-allocator-granularity=16"
    "memorysetup-profiler-bucket-allocator-bucket-count=8"
    "memorysetup-profiler-bucket-allocator-block-size=33554432"
    "memorysetup-profiler-bucket-allocator-block-count=8"
    "memorysetup-profiler-allocator-block-size=16777216"
    "memorysetup-profiler-editor-allocator-block-size=1048576"
    "memorysetup-temp-allocator-size-main=16777216"
    "memorysetup-job-temp-allocator-block-size=2097152"
    "memorysetup-job-temp-allocator-block-size-background=1048576"
    "memorysetup-job-temp-allocator-reduction-small-platforms=262144"
    "memorysetup-temp-allocator-size-background-worker=32768"
    "memorysetup-temp-allocator-size-job-worker=262144"
    "memorysetup-temp-allocator-size-preload-manager=33554432"
    "memorysetup-temp-allocator-size-nav-mesh-worker=65536"
    "memorysetup-temp-allocator-size-audio-worker=65536"
    "memorysetup-temp-allocator-size-cloud-worker=32768"
    "memorysetup-temp-allocator-size-gi-baking-worker=262144"
    "memorysetup-temp-allocator-size-gfx=262144"
Refreshing native plugins compatible for Editor in 171.57 ms, found 2 plugins.
Preloading 0 native plugins for Editor in 0.00 ms.
Initialize engine version: 2021.3.3f1 (af2e63e8f9bd)
[Subsystems] Discovering subsystems at path D:/Program Files/Unity/Hub/Editor/2021.3.3f1/Editor/Data/Resources/UnitySubsystems
[Subsystems] Discovering subsystems at path D:/Program Files/Github_projects/Hype/Assets
GfxDevice: creating device client; threaded=0; jobified=0
Direct3D:
    Version:  Direct3D 11.0 [level 11.1]
    Renderer: AMD Radeon R9 200 Series (ID=0x67b1)
    Vendor:   ATI
    VRAM:     4071 MB
    Driver:   27.20.20912.1002
Initialize mono
Mono path[0] = 'D:/Program Files/Unity/Hub/Editor/2021.3.3f1/Editor/Data/Managed'
Mono path[1] = 'D:/Program Files/Unity/Hub/Editor/2021.3.3f1/Editor/Data/MonoBleedingEdge/lib/mono/unityjit-win32'
Mono config path = 'D:/Program Files/Unity/Hub/Editor/2021.3.3f1/Editor/Data/MonoBleedingEdge/etc'
Using monoOptions --debugger-agent=transport=dt_socket,embedding=1,server=y,suspend=n,address=127.0.0.1:56588
Begin MonoManager ReloadAssembly
Registering precompiled unity dll's ...
Register platform support module: D:/Program Files/Unity/Hub/Editor/2021.3.3f1/Editor/Data/PlaybackEngines/WebGLSupport/UnityEditor.WebGL.Extensions.dll
Register platform support module: D:/Program Files/Unity/Hub/Editor/2021.3.3f1/Editor/Data/PlaybackEngines/WindowsStandaloneSupport/UnityEditor.WindowsStandalone.Extensions.dll
Registered in 0.006015 seconds.
Native extension for WindowsStandalone target not found
Native extension for WebGL target not found
Refreshing native plugins compatible for Editor in 98.28 ms, found 2 plugins.
Preloading 0 native plugins for Editor in 0.00 ms.
Mono: successfully reloaded assembly
- Completed reload, in  0.977 seconds
Domain Reload Profiling:
	ReloadAssembly (977ms)
		BeginReloadAssembly (93ms)
			ExecutionOrderSort (0ms)
			DisableScriptedObjects (0ms)
			BackupInstance (0ms)
			ReleaseScriptingObjects (0ms)
			CreateAndSetChildDomain (1ms)
		EndReloadAssembly (720ms)
			LoadAssemblies (93ms)
			RebuildTransferFunctionScriptingTraits (0ms)
			SetupTypeCache (206ms)
			ReleaseScriptCaches (0ms)
			RebuildScriptCaches (57ms)
			SetupLoadedEditorAssemblies (381ms)
				LogAssemblyErrors (0ms)
				InitializePlatformSupportModulesInManaged (13ms)
				SetLoadedEditorAssemblies (0ms)
				RefreshPlugins (98ms)
				BeforeProcessingInitializeOnLoad (1ms)
				ProcessInitializeOnLoadAttributes (195ms)
				ProcessInitializeOnLoadMethodAttributes (73ms)
				AfterProcessingInitializeOnLoad (0ms)
				EditorAssembliesLoaded (0ms)
			ExecutionOrderSort2 (0ms)
			AwakeInstancesAfterBackupRestoration (0ms)
Platform modules already initialized, skipping
Registering precompiled user dll's ...
Registered in 0.003024 seconds.
Begin MonoManager ReloadAssembly
Native extension for WindowsStandalone target not found
Native extension for WebGL target not found
Refreshing native plugins compatible for Editor in 1.34 ms, found 2 plugins.
Preloading 0 native plugins for Editor in 0.00 ms.
Package Manager log level set to [2]
Mono: successfully reloaded assembly
- Completed reload, in  1.625 seconds
Domain Reload Profiling:
	ReloadAssembly (1625ms)
		BeginReloadAssembly (182ms)
			ExecutionOrderSort (0ms)
			DisableScriptedObjects (7ms)
			BackupInstance (0ms)
			ReleaseScriptingObjects (0ms)
			CreateAndSetChildDomain (30ms)
		EndReloadAssembly (1249ms)
			LoadAssemblies (111ms)
			RebuildTransferFunctionScriptingTraits (0ms)
			SetupTypeCache (288ms)
			ReleaseScriptCaches (1ms)
			RebuildScriptCaches (78ms)
			SetupLoadedEditorAssemblies (721ms)
				LogAssemblyErrors (0ms)
				InitializePlatformSupportModulesInManaged (17ms)
				SetLoadedEditorAssemblies (1ms)
				RefreshPlugins (1ms)
				BeforeProcessingInitializeOnLoad (101ms)
				ProcessInitializeOnLoadAttributes (359ms)
				ProcessInitializeOnLoadMethodAttributes (239ms)
				AfterProcessingInitializeOnLoad (2ms)
				EditorAssembliesLoaded (0ms)
			ExecutionOrderSort2 (0ms)
			AwakeInstancesAfterBackupRestoration (7ms)
Platform modules already initialized, skipping
========================================================================
Worker process is ready to serve import requests
Launched and connected shader compiler UnityShaderCompiler.exe after 0.08 seconds
Refreshing native plugins compatible for Editor in 0.90 ms, found 2 plugins.
Preloading 0 native plugins for Editor in 0.00 ms.
Unloading 2326 Unused Serialized files (Serialized files now loaded: 0)
Unloading 58 unused Assets / (57.1 KB). Loaded Objects now: 2764.
Memory consumption went from 93.4 MB to 93.4 MB.
Total: 176.891600 ms (FindLiveObjects: 0.549600 ms CreateObjectMapping: 0.295800 ms MarkObjects: 175.953000 ms  DeleteObjects: 0.091900 ms)

AssetImportParameters requested are different than current active one (requested -> active):
  custom:video-decoder-ogg-theora: a1e56fd34408186e4bbccfd4996cb3dc -> 
  custom:container-muxer-webm: aa71ff27fc2769a1b78a27578f13a17b -> 
  custom:container-demuxer-webm: 4f35f7cbe854078d1ac9338744f61a02 -> 
  custom:video-encoder-webm-vp8: eb34c28f22e8b96e1ab97ce403110664 -> 
  custom:audio-encoder-webm-vorbis: bf7c407c2cedff20999df2af8eb42d56 -> 
  custom:framework-win-MediaFoundation: 216162199b28c13a410421893ffa2e32 -> 
  custom:container-demuxer-ogg: 62fdf1f143b41e24485cea50d1cbac27 -> 
  custom:video-decoder-webm-vp8: 9c59270c3fd7afecdb556c50c9e8de78 -> 
  custom:audio-decoder-ogg-vorbis: bf7c407c2cedff20999df2af8eb42d56 -> 
========================================================================
Received Import Request.
  Time since last request: 12137.473934 seconds.
  path: Assets/New Terrain.asset
  artifactKey: Guid(17221033c63a6ed489c67269b2506e7b) Importer(815301076,1909f56bfc062723c751e8b465ee728b)
Start importing Assets/New Terrain.asset using Guid(17221033c63a6ed489c67269b2506e7b) Importer(815301076,1909f56bfc062723c751e8b465ee728b)  -> (artifact id: '59a80a3e9af780852daad2b743b22a67') in 0.155647 seconds 
========================================================================
Received Prepare
Registering precompiled user dll's ...
Registered in 0.002450 seconds.
Begin MonoManager ReloadAssembly
Native extension for WindowsStandalone target not found
Native extension for WebGL target not found
Refreshing native plugins compatible for Editor in 1.26 ms, found 2 plugins.
Preloading 0 native plugins for Editor in 0.00 ms.
Mono: successfully reloaded assembly
- Completed reload, in  1.826 seconds
Domain Reload Profiling:
	ReloadAssembly (1827ms)
		BeginReloadAssembly (226ms)
			ExecutionOrderSort (0ms)
			DisableScriptedObjects (8ms)
			BackupInstance (0ms)
			ReleaseScriptingObjects (0ms)
			CreateAndSetChildDomain (89ms)
		EndReloadAssembly (1436ms)
			LoadAssemblies (117ms)
			RebuildTransferFunctionScriptingTraits (0ms)
			SetupTypeCache (358ms)
			ReleaseScriptCaches (3ms)
			RebuildScriptCaches (99ms)
			SetupLoadedEditorAssemblies (778ms)
				LogAssemblyErrors (0ms)
				InitializePlatformSupportModulesInManaged (25ms)
				SetLoadedEditorAssemblies (1ms)
				RefreshPlugins (1ms)
				BeforeProcessingInitializeOnLoad (105ms)
				ProcessInitializeOnLoadAttributes (370ms)
				ProcessInitializeOnLoadMethodAttributes (274ms)
				AfterProcessingInitializeOnLoad (3ms)
				EditorAssembliesLoaded (0ms)
			ExecutionOrderSort2 (0ms)
			AwakeInstancesAfterBackupRestoration (15ms)
Platform modules already initialized, skipping
Refreshing native plugins compatible for Editor in 12.48 ms, found 2 plugins.
Preloading 0 native plugins for Editor in 0.00 ms.
Unloading 2317 Unused Serialized files (Serialized files now loaded: 0)
Unloading 49 unused Assets / (0.5 MB). Loaded Objects now: 2768.
Memory consumption went from 93.8 MB to 93.3 MB.
Total: 13.839700 ms (FindLiveObjects: 0.263300 ms CreateObjectMapping: 0.117200 ms MarkObjects: 13.105000 ms  DeleteObjects: 0.352700 ms)

AssetImportParameters requested are different than current active one (requested -> active):
  custom:video-decoder-ogg-theora: a1e56fd34408186e4bbccfd4996cb3dc -> 
  custom:container-muxer-webm: aa71ff27fc2769a1b78a27578f13a17b -> 
  custom:container-demuxer-webm: 4f35f7cbe854078d1ac9338744f61a02 -> 
  custom:video-encoder-webm-vp8: eb34c28f22e8b96e1ab97ce403110664 -> 
  custom:audio-encoder-webm-vorbis: bf7c407c2cedff20999df2af8eb42d56 -> 
  custom:framework-win-MediaFoundation: 216162199b28c13a410421893ffa2e32 -> 
  custom:container-demuxer-ogg: 62fdf1f143b41e24485cea50d1cbac27 -> 
  custom:video-decoder-webm-vp8: 9c59270c3fd7afecdb556c50c9e8de78 -> 
  custom:audio-decoder-ogg-vorbis: bf7c407c2cedff20999df2af8eb42d56 -> 
========================================================================
Received Import Request.
  Time since last request: 25.200695 seconds.
  path: Assets/_TerrainAutoUpgrade
  artifactKey: Guid(798b3684cfc05084ab0168a294a56780) Importer(815301076,1909f56bfc062723c751e8b465ee728b)
Start importing Assets/_TerrainAutoUpgrade using Guid(798b3684cfc05084ab0168a294a56780) Importer(815301076,1909f56bfc062723c751e8b465ee728b)  -> (artifact id: 'a4cc2c1ec0498ffbb98e0123a83d8fca') in 0.008157 seconds 
========================================================================
Received Import Request.
  Time since last request: 0.036913 seconds.
  path: Assets/_TerrainAutoUpgrade/layer_charcoal_1_d3d3aba195e4d26ee.terrainlayer
  artifactKey: Guid(7a0bf372e9272874f8b5c1a5c524dc78) Importer(815301076,1909f56bfc062723c751e8b465ee728b)
Start importing Assets/_TerrainAutoUpgrade/layer_charcoal_1_d3d3aba195e4d26ee.terrainlayer using Guid(7a0bf372e9272874f8b5c1a5c524dc78) Importer(815301076,1909f56bfc062723c751e8b465ee728b)  -> (artifact id: 'f6129d69bf72fe01cd106f86da16a36c') in 0.192569 seconds 
========================================================================
Received Import Request.
  Time since last request: 0.000035 seconds.
  path: Assets/_TerrainAutoUpgrade/layer_grass_1_fixed_d793646612c42751.terrainlayer
  artifactKey: Guid(6afa6d3f4e570554f8ce9e5928472344) Importer(815301076,1909f56bfc062723c751e8b465ee728b)
Start importing Assets/_TerrainAutoUpgrade/layer_grass_1_fixed_d793646612c42751.terrainlayer using Guid(6afa6d3f4e570554f8ce9e5928472344) Importer(815301076,1909f56bfc062723c751e8b465ee728b)  -> (artifact id: 'cd5c3c95775a7aa49dc3baf00548c367') in 0.027704 seconds 
========================================================================
Received Import Request.
  Time since last request: 0.000039 seconds.
  path: Assets/_TerrainAutoUpgrade/layer_Groundb3407d0e55802f81.terrainlayer
  artifactKey: Guid(95c7d96b2e7faee42993ec1b3c9246ca) Importer(815301076,1909f56bfc062723c751e8b465ee728b)
Start importing Assets/_TerrainAutoUpgrade/layer_Groundb3407d0e55802f81.terrainlayer using Guid(95c7d96b2e7faee42993ec1b3c9246ca) Importer(815301076,1909f56bfc062723c751e8b465ee728b)  -> (artifact id: 'bfecd9e36024c3166cca3b7765f6767c') in 0.026892 seconds 
========================================================================
Received Import Request.
  Time since last request: 4.026301 seconds.
  path: Assets/Terrain/Test scene.asset
  artifactKey: Guid(ed73d9701427941408bd8d821a66d02d) Importer(815301076,1909f56bfc062723c751e8b465ee728b)
Start importing Assets/Terrain/Test scene.asset using Guid(ed73d9701427941408bd8d821a66d02d) Importer(815301076,1909f56bfc062723c751e8b465ee728b)  -> (artifact id: 'e3b72df9ff7b703808c7d17bf4102f11') in 0.140873 seconds 
========================================================================
Received Import Request.
  Time since last request: 34.946714 seconds.
  path: Assets/Prefabs/Arbre1.prefab
  artifactKey: Guid(a6123c07b518e9843a980c02ed19dd71) Importer(815301076,1909f56bfc062723c751e8b465ee728b)
Start importing Assets/Prefabs/Arbre1.prefab using Guid(a6123c07b518e9843a980c02ed19dd71) Importer(815301076,1909f56bfc062723c751e8b465ee728b)  -> (artifact id: 'cb2eb4c85d731d444449bca5e70e1434') in 3.199282 seconds 
========================================================================
Received Import Request.
  Time since last request: 0.000028 seconds.
  path: Assets/Prefabs/ManaPotion.prefab
  artifactKey: Guid(6bb9a1c0776073849924804b5c06f9c9) Importer(815301076,1909f56bfc062723c751e8b465ee728b)
Start importing Assets/Prefabs/ManaPotion.prefab using Guid(6bb9a1c0776073849924804b5c06f9c9) Importer(815301076,1909f56bfc062723c751e8b465ee728b)  -> (artifact id: 'd9afa9896e36f86dd21382f04195b25a') in 0.342782 seconds 
========================================================================
Received Import Request.
  Time since last request: 0.000034 seconds.
  path: Assets/Materials/quadrillage.jpg
  artifactKey: Guid(621974e4157f2f34ab23ba24cdcd56e1) Importer(815301076,1909f56bfc062723c751e8b465ee728b)
Start importing Assets/Materials/quadrillage.jpg using Guid(621974e4157f2f34ab23ba24cdcd56e1) Importer(815301076,1909f56bfc062723c751e8b465ee728b)  -> (artifact id: '7791d1d7ccb5a0865ea2675c65427fc3') in 0.044829 seconds 
========================================================================
Received Import Request.
  Time since last request: 0.000026 seconds.
  path: Assets/Materials/quadrillage.mat
  artifactKey: Guid(e9954aed86a1e3841ae98a6774064b3c) Importer(815301076,1909f56bfc062723c751e8b465ee728b)
Start importing Assets/Materials/quadrillage.mat using Guid(e9954aed86a1e3841ae98a6774064b3c) Importer(815301076,1909f56bfc062723c751e8b465ee728b)  -> (artifact id: '7253150abcd1e119213e7cb13f06205f') in 0.049409 seconds 
========================================================================
Received Import Request.
  Time since last request: 3.420471 seconds.
  path: Assets/scene/NavMesh.asset
  artifactKey: Guid(2113b7569aaa2744381050e51c8340ad) Importer(815301076,1909f56bfc062723c751e8b465ee728b)
Start importing Assets/scene/NavMesh.asset using Guid(2113b7569aaa2744381050e51c8340ad) Importer(815301076,1909f56bfc062723c751e8b465ee728b)  -> (artifact id: 'bab8c360c87ef059d5f2285086894809') in 0.009512 seconds 
========================================================================
Received Import Request.
  Time since last request: 5.983216 seconds.
  path: Assets/Scenes/Field of Courage.unity
  artifactKey: Guid(23e1d2f3df1dfd540b74f593e7c39383) Importer(815301076,1909f56bfc062723c751e8b465ee728b)
Start importing Assets/Scenes/Field of Courage.unity using Guid(23e1d2f3df1dfd540b74f593e7c39383) Importer(815301076,1909f56bfc062723c751e8b465ee728b)  -> (artifact id: '58f27f783566a4b173ccf2debdec6686') in 0.004895 seconds 
========================================================================
Received Import Request.
  Time since last request: 4.973577 seconds.
  path: Assets/Scenes/Gogoud's Manor.unity
  artifactKey: Guid(a10ac4037d28a5f4cb14d3bc172c839a) Importer(815301076,1909f56bfc062723c751e8b465ee728b)
Start importing Assets/Scenes/Gogoud's Manor.unity using Guid(a10ac4037d28a5f4cb14d3bc172c839a) Importer(815301076,1909f56bfc062723c751e8b465ee728b)  -> (artifact id: 'f87bc886e0d1f2e4dd29b32e728e28c4') in 0.007128 seconds 
========================================================================
Received Prepare
Registering precompiled user dll's ...
Registered in 0.004314 seconds.
Begin MonoManager ReloadAssembly
Native extension for WindowsStandalone target not found
Native extension for WebGL target not found
Refreshing native plugins compatible for Editor in 2.83 ms, found 2 plugins.
Preloading 0 native plugins for Editor in 0.00 ms.
Mono: successfully reloaded assembly
- Completed reload, in  2.482 seconds
Domain Reload Profiling:
	ReloadAssembly (2482ms)
		BeginReloadAssembly (180ms)
			ExecutionOrderSort (0ms)
			DisableScriptedObjects (6ms)
			BackupInstance (0ms)
			ReleaseScriptingObjects (0ms)
			CreateAndSetChildDomain (56ms)
		EndReloadAssembly (2155ms)
			LoadAssemblies (107ms)
			RebuildTransferFunctionScriptingTraits (0ms)
			SetupTypeCache (438ms)
			ReleaseScriptCaches (3ms)
			RebuildScriptCaches (718ms)
			SetupLoadedEditorAssemblies (804ms)
				LogAssemblyErrors (0ms)
				InitializePlatformSupportModulesInManaged (25ms)
				SetLoadedEditorAssemblies (1ms)
				RefreshPlugins (3ms)
				BeforeProcessingInitializeOnLoad (117ms)
				ProcessInitializeOnLoadAttributes (391ms)
				ProcessInitializeOnLoadMethodAttributes (263ms)
				AfterProcessingInitializeOnLoad (3ms)
				EditorAssembliesLoaded (0ms)
			ExecutionOrderSort2 (0ms)
			AwakeInstancesAfterBackupRestoration (10ms)
Platform modules already initialized, skipping
Refreshing native plugins compatible for Editor in 8.51 ms, found 2 plugins.
Preloading 0 native plugins for Editor in 0.00 ms.
Unloading 2317 Unused Serialized files (Serialized files now loaded: 0)
Unloading 49 unused Assets / (0.5 MB). Loaded Objects now: 2816.
Memory consumption went from 102.6 MB to 102.0 MB.
Total: 18.639200 ms (FindLiveObjects: 1.108200 ms CreateObjectMapping: 1.046600 ms MarkObjects: 16.172000 ms  DeleteObjects: 0.310000 ms)

AssetImportParameters requested are different than current active one (requested -> active):
  custom:video-decoder-ogg-theora: a1e56fd34408186e4bbccfd4996cb3dc -> 
  custom:container-muxer-webm: aa71ff27fc2769a1b78a27578f13a17b -> 
  custom:container-demuxer-webm: 4f35f7cbe854078d1ac9338744f61a02 -> 
  custom:video-encoder-webm-vp8: eb34c28f22e8b96e1ab97ce403110664 -> 
  custom:audio-encoder-webm-vorbis: bf7c407c2cedff20999df2af8eb42d56 -> 
  custom:framework-win-MediaFoundation: 216162199b28c13a410421893ffa2e32 -> 
  custom:container-demuxer-ogg: 62fdf1f143b41e24485cea50d1cbac27 -> 
  custom:video-decoder-webm-vp8: 9c59270c3fd7afecdb556c50c9e8de78 -> 
  custom:audio-decoder-ogg-vorbis: bf7c407c2cedff20999df2af8eb42d56 -> 
========================================================================
Received Import Request.
  Time since last request: 12.275487 seconds.
  path: Assets/Scenes/Park.unity
  artifactKey: Guid(09f66fe57e8622d47b6478591bb66c74) Importer(815301076,1909f56bfc062723c751e8b465ee728b)
Start importing Assets/Scenes/Park.unity using Guid(09f66fe57e8622d47b6478591bb66c74) Importer(815301076,1909f56bfc062723c751e8b465ee728b)  -> (artifact id: 'caa6964a048fff56d9f959f27233c1ad') in 0.015245 seconds 
========================================================================
Received Import Request.
  Time since last request: 4.597568 seconds.
  path: Assets/Scenes/Torras.unity
  artifactKey: Guid(38d34c6620274430da3fc18124a82dfe) Importer(815301076,1909f56bfc062723c751e8b465ee728b)
Start importing Assets/Scenes/Torras.unity using Guid(38d34c6620274430da3fc18124a82dfe) Importer(815301076,1909f56bfc062723c751e8b465ee728b)  -> (artifact id: '80e5abf6acc6463f8cebc12dff4f69d0') in 0.005692 seconds 
========================================================================
Received Prepare
Registering precompiled user dll's ...
Registered in 0.002772 seconds.
Begin MonoManager ReloadAssembly
Native extension for WindowsStandalone target not found
Native extension for WebGL target not found
Refreshing native plugins compatible for Editor in 1.37 ms, found 2 plugins.
Preloading 0 native plugins for Editor in 0.00 ms.
Mono: successfully reloaded assembly
- Completed reload, in  1.848 seconds
Domain Reload Profiling:
	ReloadAssembly (1850ms)
		BeginReloadAssembly (180ms)
			ExecutionOrderSort (0ms)
			DisableScriptedObjects (14ms)
			BackupInstance (0ms)
			ReleaseScriptingObjects (0ms)
			CreateAndSetChildDomain (56ms)
		EndReloadAssembly (1548ms)
			LoadAssemblies (97ms)
			RebuildTransferFunctionScriptingTraits (0ms)
			SetupTypeCache (296ms)
			ReleaseScriptCaches (3ms)
			RebuildScriptCaches (159ms)
			SetupLoadedEditorAssemblies (887ms)
				LogAssemblyErrors (0ms)
				InitializePlatformSupportModulesInManaged (20ms)
				SetLoadedEditorAssemblies (1ms)
				RefreshPlugins (1ms)
				BeforeProcessingInitializeOnLoad (100ms)
				ProcessInitializeOnLoadAttributes (374ms)
				ProcessInitializeOnLoadMethodAttributes (386ms)
				AfterProcessingInitializeOnLoad (4ms)
				EditorAssembliesLoaded (0ms)
			ExecutionOrderSort2 (0ms)
			AwakeInstancesAfterBackupRestoration (12ms)
Platform modules already initialized, skipping
Refreshing native plugins compatible for Editor in 7.36 ms, found 2 plugins.
Preloading 0 native plugins for Editor in 0.00 ms.
Unloading 2317 Unused Serialized files (Serialized files now loaded: 0)
Unloading 47 unused Assets / (25.7 KB). Loaded Objects now: 2819.
Memory consumption went from 102.1 MB to 102.0 MB.
Total: 10.648700 ms (FindLiveObjects: 0.222500 ms CreateObjectMapping: 0.230800 ms MarkObjects: 10.151000 ms  DeleteObjects: 0.043000 ms)

AssetImportParameters requested are different than current active one (requested -> active):
  custom:video-decoder-ogg-theora: a1e56fd34408186e4bbccfd4996cb3dc -> 
  custom:container-muxer-webm: aa71ff27fc2769a1b78a27578f13a17b -> 
  custom:container-demuxer-webm: 4f35f7cbe854078d1ac9338744f61a02 -> 
  custom:video-encoder-webm-vp8: eb34c28f22e8b96e1ab97ce403110664 -> 
  custom:audio-encoder-webm-vorbis: bf7c407c2cedff20999df2af8eb42d56 -> 
  custom:framework-win-MediaFoundation: 216162199b28c13a410421893ffa2e32 -> 
  custom:container-demuxer-ogg: 62fdf1f143b41e24485cea50d1cbac27 -> 
  custom:video-decoder-webm-vp8: 9c59270c3fd7afecdb556c50c9e8de78 -> 
  custom:audio-decoder-ogg-vorbis: bf7c407c2cedff20999df2af8eb42d56 -> 
========================================================================
Received Prepare
Refreshing native plugins compatible for Editor in 10.89 ms, found 2 plugins.
Preloading 0 native plugins for Editor in 0.00 ms.
Unloading 47 Unused Serialized files (Serialized files now loaded: 0)
Unloading 47 unused Assets / (22.9 KB). Loaded Objects now: 2819.
Memory consumption went from 56.6 MB to 56.6 MB.
Total: 9.417900 ms (FindLiveObjects: 0.526700 ms CreateObjectMapping: 0.239200 ms MarkObjects: 8.613500 ms  DeleteObjects: 0.037200 ms)

AssetImportParameters requested are different than current active one (requested -> active):
  custom:video-decoder-ogg-theora: a1e56fd34408186e4bbccfd4996cb3dc -> 
  custom:container-muxer-webm: aa71ff27fc2769a1b78a27578f13a17b -> 
  custom:container-demuxer-webm: 4f35f7cbe854078d1ac9338744f61a02 -> 
  custom:video-encoder-webm-vp8: eb34c28f22e8b96e1ab97ce403110664 -> 
  custom:audio-encoder-webm-vorbis: bf7c407c2cedff20999df2af8eb42d56 -> 
  custom:framework-win-MediaFoundation: 216162199b28c13a410421893ffa2e32 -> 
  custom:container-demuxer-ogg: 62fdf1f143b41e24485cea50d1cbac27 -> 
  custom:video-decoder-webm-vp8: 9c59270c3fd7afecdb556c50c9e8de78 -> 
  custom:audio-decoder-ogg-vorbis: bf7c407c2cedff20999df2af8eb42d56 -> 
========================================================================
Received Prepare
Refreshing native plugins compatible for Editor in 9.27 ms, found 2 plugins.
Preloading 0 native plugins for Editor in 0.00 ms.
Unloading 47 Unused Serialized files (Serialized files now loaded: 0)
Unloading 47 unused Assets / (22.9 KB). Loaded Objects now: 2819.
Memory consumption went from 56.6 MB to 56.6 MB.
Total: 10.275200 ms (FindLiveObjects: 0.187900 ms CreateObjectMapping: 0.206400 ms MarkObjects: 9.831600 ms  DeleteObjects: 0.047800 ms)

AssetImportParameters requested are different than current active one (requested -> active):
  custom:video-decoder-ogg-theora: a1e56fd34408186e4bbccfd4996cb3dc -> 
  custom:container-muxer-webm: aa71ff27fc2769a1b78a27578f13a17b -> 
  custom:container-demuxer-webm: 4f35f7cbe854078d1ac9338744f61a02 -> 
  custom:video-encoder-webm-vp8: eb34c28f22e8b96e1ab97ce403110664 -> 
  custom:audio-encoder-webm-vorbis: bf7c407c2cedff20999df2af8eb42d56 -> 
  custom:framework-win-MediaFoundation: 216162199b28c13a410421893ffa2e32 -> 
  custom:container-demuxer-ogg: 62fdf1f143b41e24485cea50d1cbac27 -> 
  custom:video-decoder-webm-vp8: 9c59270c3fd7afecdb556c50c9e8de78 -> 
  custom:audio-decoder-ogg-vorbis: bf7c407c2cedff20999df2af8eb42d56 -> 
========================================================================
Received Import Request.
  Time since last request: 617.791956 seconds.
  path: Assets/Assets/table
  artifactKey: Guid(bc37cea69df53ee44ac4f01b698fc28c) Importer(815301076,1909f56bfc062723c751e8b465ee728b)
Start importing Assets/Assets/table using Guid(bc37cea69df53ee44ac4f01b698fc28c) Importer(815301076,1909f56bfc062723c751e8b465ee728b)  -> (artifact id: 'd1793adcc8c2ffe896a537c368f1c314') in 0.012253 seconds 
========================================================================
Received Import Request.
  Time since last request: 64.303654 seconds.
  path: Assets/Assets/Grass 1
  artifactKey: Guid(839b9db1b8f4dbe4f940fe6bc887944c) Importer(815301076,1909f56bfc062723c751e8b465ee728b)
Start importing Assets/Assets/Grass 1 using Guid(839b9db1b8f4dbe4f940fe6bc887944c) Importer(815301076,1909f56bfc062723c751e8b465ee728b)  -> (artifact id: '5008cb333d8f5209782843817ee6328c') in 0.011499 seconds 
========================================================================
Received Import Request.
  Time since last request: 0.393383 seconds.
  path: Assets/Assets/Golem
  artifactKey: Guid(fd99e49ddaefddd4ca78437e37e1aa0d) Importer(815301076,1909f56bfc062723c751e8b465ee728b)
Start importing Assets/Assets/Golem using Guid(fd99e49ddaefddd4ca78437e37e1aa0d) Importer(815301076,1909f56bfc062723c751e8b465ee728b)  -> (artifact id: '826afa761c2c4c619d4c1fcc63e03ec6') in 0.007384 seconds 
========================================================================
Received Import Request.
  Time since last request: 0.265094 seconds.
  path: Assets/Assets/GoldCoins
  artifactKey: Guid(32529c0c84146a742a7f344b9324846e) Importer(815301076,1909f56bfc062723c751e8b465ee728b)
Start importing Assets/Assets/GoldCoins using Guid(32529c0c84146a742a7f344b9324846e) Importer(815301076,1909f56bfc062723c751e8b465ee728b)  -> (artifact id: 'd4c4e4e16cce9b0e95156cf5ab2b397f') in 0.006397 seconds 
========================================================================
Received Import Request.
  Time since last request: 0.220223 seconds.
  path: Assets/Assets/Free_SpeedTrees
  artifactKey: Guid(4a480bdbde8eeab45aa0ff376596a6e5) Importer(815301076,1909f56bfc062723c751e8b465ee728b)
Start importing Assets/Assets/Free_SpeedTrees using Guid(4a480bdbde8eeab45aa0ff376596a6e5) Importer(815301076,1909f56bfc062723c751e8b465ee728b)  -> (artifact id: 'a16a879181aee0a80e5e858f63135bc7') in 0.008249 seconds 
========================================================================
Received Import Request.
  Time since last request: 0.206898 seconds.
  path: Assets/Assets/Dnk_Dev
  artifactKey: Guid(666b270d5380f89428600a1d4d4679e2) Importer(815301076,1909f56bfc062723c751e8b465ee728b)
Start importing Assets/Assets/Dnk_Dev using Guid(666b270d5380f89428600a1d4d4679e2) Importer(815301076,1909f56bfc062723c751e8b465ee728b)  -> (artifact id: '5d49478c4058eb1ac1c00338db7ada74') in 0.007832 seconds 
========================================================================
Received Import Request.
  Time since last request: 0.176470 seconds.
  path: Assets/Assets/A Steel Oxidised Bracer
  artifactKey: Guid(338314f4b95b9284692d9a16ac2d1dd1) Importer(815301076,1909f56bfc062723c751e8b465ee728b)
Start importing Assets/Assets/A Steel Oxidised Bracer using Guid(338314f4b95b9284692d9a16ac2d1dd1) Importer(815301076,1909f56bfc062723c751e8b465ee728b)  -> (artifact id: '8091d7d8da1c2dd36ebfc7c55322b723') in 0.006254 seconds 
========================================================================
Received Import Request.
  Time since last request: 0.204222 seconds.
  path: Assets/Assets/_Creepy_Cat
  artifactKey: Guid(1ab9a41ea8d2b0940b72ef5941098032) Importer(815301076,1909f56bfc062723c751e8b465ee728b)
Start importing Assets/Assets/_Creepy_Cat using Guid(1ab9a41ea8d2b0940b72ef5941098032) Importer(815301076,1909f56bfc062723c751e8b465ee728b)  -> (artifact id: '05a76fec64f87a9d84d51980bfe2a00f') in 0.007915 seconds 
========================================================================
Received Import Request.
  Time since last request: 0.840629 seconds.
  path: Assets/Assets/MedievalTavernPack
  artifactKey: Guid(61f500da18cfc0d4a9563f2ff33ae068) Importer(815301076,1909f56bfc062723c751e8b465ee728b)
Start importing Assets/Assets/MedievalTavernPack using Guid(61f500da18cfc0d4a9563f2ff33ae068) Importer(815301076,1909f56bfc062723c751e8b465ee728b)  -> (artifact id: '135a2a0a0a81ab9bbc25b0e2af1a879a') in 0.005158 seconds 
========================================================================
Received Import Request.
  Time since last request: 0.442498 seconds.
  path: Assets/Assets/Mega Fantasy Props Pack
  artifactKey: Guid(5679bb6fb3dafb046b110a0a3e33380b) Importer(815301076,1909f56bfc062723c751e8b465ee728b)
Start importing Assets/Assets/Mega Fantasy Props Pack using Guid(5679bb6fb3dafb046b110a0a3e33380b) Importer(815301076,1909f56bfc062723c751e8b465ee728b)  -> (artifact id: 'eb47e55161ec3eec6d4ed93d0b7fd970') in 0.006942 seconds 
========================================================================
Received Import Request.
  Time since last request: 0.238982 seconds.
  path: Assets/Assets/Mushrooms
  artifactKey: Guid(d49f91383fbbc9f448000b2c03a6ca20) Importer(815301076,1909f56bfc062723c751e8b465ee728b)
Start importing Assets/Assets/Mushrooms using Guid(d49f91383fbbc9f448000b2c03a6ca20) Importer(815301076,1909f56bfc062723c751e8b465ee728b)  -> (artifact id: '7898faedcec82b0394ed1f43c4ad2fb9') in 0.017131 seconds 
========================================================================
Received Import Request.
  Time since last request: 0.217790 seconds.
  path: Assets/Assets/Potion Bottle
  artifactKey: Guid(03ccd5a0632c01c4eba0211b182233b4) Importer(815301076,1909f56bfc062723c751e8b465ee728b)
Start importing Assets/Assets/Potion Bottle using Guid(03ccd5a0632c01c4eba0211b182233b4) Importer(815301076,1909f56bfc062723c751e8b465ee728b)  -> (artifact id: '3844672b4ca3c9a2a3fd942c8ea95430') in 0.006652 seconds 
========================================================================
Received Import Request.
  Time since last request: 0.956120 seconds.
  path: Assets/Assets/Simple Medieval Sword
  artifactKey: Guid(c2878b44d2e834048bed280d61b1c0d0) Importer(815301076,1909f56bfc062723c751e8b465ee728b)
Start importing Assets/Assets/Simple Medieval Sword using Guid(c2878b44d2e834048bed280d61b1c0d0) Importer(815301076,1909f56bfc062723c751e8b465ee728b)  -> (artifact id: 'aca3f8346ccf5f98ead0d42dfbfcca19') in 0.007724 seconds 
========================================================================
Received Import Request.
  Time since last request: 0.674211 seconds.
  path: Assets/Assets/SpartanKing
  artifactKey: Guid(2f9713c914fd2a049bc3c5a08dc00860) Importer(815301076,1909f56bfc062723c751e8b465ee728b)
Start importing Assets/Assets/SpartanKing using Guid(2f9713c914fd2a049bc3c5a08dc00860) Importer(815301076,1909f56bfc062723c751e8b465ee728b)  -> (artifact id: '205edbee3415cc14b661354d00b36dd4') in 0.009618 seconds 
========================================================================
Received Import Request.
  Time since last request: 0.355260 seconds.
  path: Assets/Assets/Tent
  artifactKey: Guid(654c5acd817dce94ca87e07895c85ab8) Importer(815301076,1909f56bfc062723c751e8b465ee728b)
Start importing Assets/Assets/Tent using Guid(654c5acd817dce94ca87e07895c85ab8) Importer(815301076,1909f56bfc062723c751e8b465ee728b)  -> (artifact id: 'fe68d3780069ecc1b6850533e99777bb') in 0.008212 seconds 
========================================================================
Received Import Request.
  Time since last request: 0.164379 seconds.
  path: Assets/Assets/Torras
  artifactKey: Guid(f6de80bc0480def4fa0763555d1c4e6f) Importer(815301076,1909f56bfc062723c751e8b465ee728b)
Start importing Assets/Assets/Torras using Guid(f6de80bc0480def4fa0763555d1c4e6f) Importer(815301076,1909f56bfc062723c751e8b465ee728b)  -> (artifact id: 'd1a0260fccbc3c54d453eeb8b86a6b48') in 0.006905 seconds 
========================================================================
Received Import Request.
  Time since last request: 0.314238 seconds.
  path: Assets/Assets/TreasureChest_01
  artifactKey: Guid(405b9813ff25f9d458a65985534f6852) Importer(815301076,1909f56bfc062723c751e8b465ee728b)
Start importing Assets/Assets/TreasureChest_01 using Guid(405b9813ff25f9d458a65985534f6852) Importer(815301076,1909f56bfc062723c751e8b465ee728b)  -> (artifact id: '3f1e47483eadd9960c0009acbba7abdd') in 0.007225 seconds 
========================================================================
Received Import Request.
  Time since last request: 2.162222 seconds.
  path: Assets/Assets/light_wpn
  artifactKey: Guid(005eaf5778f797647995fda12a09751b) Importer(815301076,1909f56bfc062723c751e8b465ee728b)
Start importing Assets/Assets/light_wpn using Guid(005eaf5778f797647995fda12a09751b) Importer(815301076,1909f56bfc062723c751e8b465ee728b)  -> (artifact id: 'cb97341cf32d980f835bb60d1488c4a7') in 0.006418 seconds 
========================================================================
Received Import Request.
  Time since last request: 0.833487 seconds.
  path: Assets/Assets/Materials
  artifactKey: Guid(c18c60a5c66d7a344b84f060d15b8edb) Importer(815301076,1909f56bfc062723c751e8b465ee728b)
Start importing Assets/Assets/Materials using Guid(c18c60a5c66d7a344b84f060d15b8edb) Importer(815301076,1909f56bfc062723c751e8b465ee728b)  -> (artifact id: 'fd9a0f4c158f5ae3291670935a691e15') in 0.008690 seconds 
========================================================================
Received Import Request.
  Time since last request: 0.778761 seconds.
  path: Assets/Assets/Knight
  artifactKey: Guid(ba0734bf68dc34545b258548b31eb223) Importer(815301076,1909f56bfc062723c751e8b465ee728b)
Start importing Assets/Assets/Knight using Guid(ba0734bf68dc34545b258548b31eb223) Importer(815301076,1909f56bfc062723c751e8b465ee728b)  -> (artifact id: '89b1d9e2e8c5187364ff5c0d03cd2734') in 0.005783 seconds 
========================================================================
Received Import Request.
  Time since last request: 0.197192 seconds.
  path: Assets/Assets/Helmets
  artifactKey: Guid(0a4d5ed8e1dacb940b399fbd081266c2) Importer(815301076,1909f56bfc062723c751e8b465ee728b)
Start importing Assets/Assets/Helmets using Guid(0a4d5ed8e1dacb940b399fbd081266c2) Importer(815301076,1909f56bfc062723c751e8b465ee728b)  -> (artifact id: '1f011b58550be8e835d487fee7e6e483') in 0.011162 seconds 
========================================================================
Received Import Request.
  Time since last request: 21.404508 seconds.
  path: Assets/Assets/_Creepy_Cat/3D Games Effects Pack Free
  artifactKey: Guid(7292dec1ffce6498b9c0b57fedbcc2f0) Importer(815301076,1909f56bfc062723c751e8b465ee728b)
Start importing Assets/Assets/_Creepy_Cat/3D Games Effects Pack Free using Guid(7292dec1ffce6498b9c0b57fedbcc2f0) Importer(815301076,1909f56bfc062723c751e8b465ee728b)  -> (artifact id: 'a6f393fa882f886220a7f40662e4ad25') in 0.008366 seconds 
========================================================================
Received Import Request.
  Time since last request: 1.455920 seconds.
  path: Assets/Assets/_Creepy_Cat/3D Games Effects Pack Free/Example_01.unity
  artifactKey: Guid(1c9c192b640a84fe1b8ee2945cb84af1) Importer(815301076,1909f56bfc062723c751e8b465ee728b)
Start importing Assets/Assets/_Creepy_Cat/3D Games Effects Pack Free/Example_01.unity using Guid(1c9c192b640a84fe1b8ee2945cb84af1) Importer(815301076,1909f56bfc062723c751e8b465ee728b)  -> (artifact id: 'eb0a664851827830b475f4bb6b89ec83') in 0.006857 seconds 
========================================================================
Received Prepare
Registering precompiled user dll's ...
Registered in 0.004497 seconds.
Begin MonoManager ReloadAssembly
Native extension for WindowsStandalone target not found
Native extension for WebGL target not found
Refreshing native plugins compatible for Editor in 1.43 ms, found 2 plugins.
Preloading 0 native plugins for Editor in 0.00 ms.
Mono: successfully reloaded assembly
- Completed reload, in  1.584 seconds
Domain Reload Profiling:
	ReloadAssembly (1585ms)
		BeginReloadAssembly (189ms)
			ExecutionOrderSort (0ms)
			DisableScriptedObjects (11ms)
			BackupInstance (0ms)
			ReleaseScriptingObjects (0ms)
			CreateAndSetChildDomain (64ms)
		EndReloadAssembly (1256ms)
			LoadAssemblies (115ms)
			RebuildTransferFunctionScriptingTraits (0ms)
			SetupTypeCache (383ms)
			ReleaseScriptCaches (3ms)
			RebuildScriptCaches (70ms)
			SetupLoadedEditorAssemblies (618ms)
				LogAssemblyErrors (0ms)
				InitializePlatformSupportModulesInManaged (19ms)
				SetLoadedEditorAssemblies (1ms)
				RefreshPlugins (2ms)
				BeforeProcessingInitializeOnLoad (92ms)
				ProcessInitializeOnLoadAttributes (274ms)
				ProcessInitializeOnLoadMethodAttributes (228ms)
				AfterProcessingInitializeOnLoad (3ms)
				EditorAssembliesLoaded (0ms)
			ExecutionOrderSort2 (0ms)
			AwakeInstancesAfterBackupRestoration (9ms)
Platform modules already initialized, skipping
Refreshing native plugins compatible for Editor in 4.30 ms, found 2 plugins.
Preloading 0 native plugins for Editor in 0.00 ms.
Unloading 2316 Unused Serialized files (Serialized files now loaded: 0)
Unloading 47 unused Assets / (25.7 KB). Loaded Objects now: 2822.
Memory consumption went from 102.1 MB to 102.0 MB.
Total: 8.333900 ms (FindLiveObjects: 0.343400 ms CreateObjectMapping: 0.187500 ms MarkObjects: 7.769300 ms  DeleteObjects: 0.031600 ms)

AssetImportParameters requested are different than current active one (requested -> active):
  custom:video-decoder-ogg-theora: a1e56fd34408186e4bbccfd4996cb3dc -> 
  custom:container-muxer-webm: aa71ff27fc2769a1b78a27578f13a17b -> 
  custom:container-demuxer-webm: 4f35f7cbe854078d1ac9338744f61a02 -> 
  custom:video-encoder-webm-vp8: eb34c28f22e8b96e1ab97ce403110664 -> 
  custom:audio-encoder-webm-vorbis: bf7c407c2cedff20999df2af8eb42d56 -> 
  custom:framework-win-MediaFoundation: 216162199b28c13a410421893ffa2e32 -> 
  custom:container-demuxer-ogg: 62fdf1f143b41e24485cea50d1cbac27 -> 
  custom:video-decoder-webm-vp8: 9c59270c3fd7afecdb556c50c9e8de78 -> 
  custom:audio-decoder-ogg-vorbis: bf7c407c2cedff20999df2af8eb42d56 -> 
========================================================================
Received Import Request.
  Time since last request: 20.137370 seconds.
  path: Assets/Assets/A Steel Oxidised Bracer/Materials
  artifactKey: Guid(97b6ba447dafda2408703cbf4f068256) Importer(815301076,1909f56bfc062723c751e8b465ee728b)
Start importing Assets/Assets/A Steel Oxidised Bracer/Materials using Guid(97b6ba447dafda2408703cbf4f068256) Importer(815301076,1909f56bfc062723c751e8b465ee728b)  -> (artifact id: '15cf25dac701dc95d8c2f686a93ef4cb') in 0.007502 seconds 
========================================================================
Received Import Request.
  Time since last request: 0.044706 seconds.
  path: Assets/Assets/A Steel Oxidised Bracer/Materials/Bracer_albedo_perso.mat
  artifactKey: Guid(2b18fd587e707714f9dcb21c6e9ef990) Importer(815301076,1909f56bfc062723c751e8b465ee728b)
Start importing Assets/Assets/A Steel Oxidised Bracer/Materials/Bracer_albedo_perso.mat using Guid(2b18fd587e707714f9dcb21c6e9ef990) Importer(815301076,1909f56bfc062723c751e8b465ee728b)  -> (artifact id: '281f43506b043c8d85ee822d2d77e3bc') in 0.384197 seconds 
========================================================================
Received Import Request.
  Time since last request: 30.125444 seconds.
  path: Assets/Assets/Golem/GolemPrefab.prefab
  artifactKey: Guid(e7ae57d6a0d40f146b9dd191df3d056e) Importer(815301076,1909f56bfc062723c751e8b465ee728b)
Start importing Assets/Assets/Golem/GolemPrefab.prefab using Guid(e7ae57d6a0d40f146b9dd191df3d056e) Importer(815301076,1909f56bfc062723c751e8b465ee728b)  -> (artifact id: 'a444ab24b92fac4ddd217cf111c6f74e') in 0.118582 seconds 
========================================================================
Received Import Request.
  Time since last request: 2.346099 seconds.
  path: Assets/Assets/Ground textures pack
  artifactKey: Guid(fc680ec288f009941a4ea823af239a8d) Importer(815301076,1909f56bfc062723c751e8b465ee728b)
Start importing Assets/Assets/Ground textures pack using Guid(fc680ec288f009941a4ea823af239a8d) Importer(815301076,1909f56bfc062723c751e8b465ee728b)  -> (artifact id: '1f05ded685f0bcf02e2b3b38e3615fd5') in 0.010359 seconds 
========================================================================
Received Import Request.
  Time since last request: 141.083222 seconds.
  path: Assets/Assets
  artifactKey: Guid(30d731151fec11e4c9c0687669cd9773) Importer(815301076,1909f56bfc062723c751e8b465ee728b)
Start importing Assets/Assets using Guid(30d731151fec11e4c9c0687669cd9773) Importer(815301076,1909f56bfc062723c751e8b465ee728b)  -> (artifact id: '3eaecc03adcc38ebccb80abe17987639') in 0.016670 seconds 
========================================================================
Received Prepare
Registering precompiled user dll's ...
Registered in 0.004051 seconds.
Begin MonoManager ReloadAssembly
Native extension for WindowsStandalone target not found
Native extension for WebGL target not found
Refreshing native plugins compatible for Editor in 1.64 ms, found 2 plugins.
Preloading 0 native plugins for Editor in 0.00 ms.
Mono: successfully reloaded assembly
- Completed reload, in  1.586 seconds
Domain Reload Profiling:
	ReloadAssembly (1587ms)
		BeginReloadAssembly (153ms)
			ExecutionOrderSort (0ms)
			DisableScriptedObjects (7ms)
			BackupInstance (0ms)
			ReleaseScriptingObjects (0ms)
			CreateAndSetChildDomain (54ms)
		EndReloadAssembly (1309ms)
			LoadAssemblies (90ms)
			RebuildTransferFunctionScriptingTraits (0ms)
			SetupTypeCache (310ms)
			ReleaseScriptCaches (2ms)
			RebuildScriptCaches (89ms)
			SetupLoadedEditorAssemblies (716ms)
				LogAssemblyErrors (0ms)
				InitializePlatformSupportModulesInManaged (19ms)
				SetLoadedEditorAssemblies (1ms)
				RefreshPlugins (2ms)
				BeforeProcessingInitializeOnLoad (96ms)
				ProcessInitializeOnLoadAttributes (340ms)
				ProcessInitializeOnLoadMethodAttributes (255ms)
				AfterProcessingInitializeOnLoad (4ms)
				EditorAssembliesLoaded (0ms)
			ExecutionOrderSort2 (0ms)
			AwakeInstancesAfterBackupRestoration (11ms)
Platform modules already initialized, skipping
Refreshing native plugins compatible for Editor in 5.41 ms, found 2 plugins.
Preloading 0 native plugins for Editor in 0.00 ms.
Unloading 2316 Unused Serialized files (Serialized files now loaded: 0)
Unloading 47 unused Assets / (25.7 KB). Loaded Objects now: 2826.
Memory consumption went from 102.1 MB to 102.0 MB.
Total: 9.735900 ms (FindLiveObjects: 0.224300 ms CreateObjectMapping: 0.281900 ms MarkObjects: 9.194700 ms  DeleteObjects: 0.034000 ms)

AssetImportParameters requested are different than current active one (requested -> active):
  custom:video-decoder-ogg-theora: a1e56fd34408186e4bbccfd4996cb3dc -> 
  custom:container-muxer-webm: aa71ff27fc2769a1b78a27578f13a17b -> 
  custom:container-demuxer-webm: 4f35f7cbe854078d1ac9338744f61a02 -> 
  custom:video-encoder-webm-vp8: eb34c28f22e8b96e1ab97ce403110664 -> 
  custom:audio-encoder-webm-vorbis: bf7c407c2cedff20999df2af8eb42d56 -> 
  custom:framework-win-MediaFoundation: 216162199b28c13a410421893ffa2e32 -> 
  custom:container-demuxer-ogg: 62fdf1f143b41e24485cea50d1cbac27 -> 
  custom:video-decoder-webm-vp8: 9c59270c3fd7afecdb556c50c9e8de78 -> 
  custom:audio-decoder-ogg-vorbis: bf7c407c2cedff20999df2af8eb42d56 -> 
========================================================================
Received Prepare
Registering precompiled user dll's ...
Registered in 0.004033 seconds.
Begin MonoManager ReloadAssembly
Native extension for WindowsStandalone target not found
Native extension for WebGL target not found
Refreshing native plugins compatible for Editor in 1.07 ms, found 2 plugins.
Preloading 0 native plugins for Editor in 0.00 ms.
Mono: successfully reloaded assembly
- Completed reload, in  1.170 seconds
Domain Reload Profiling:
	ReloadAssembly (1171ms)
		BeginReloadAssembly (144ms)
			ExecutionOrderSort (0ms)
			DisableScriptedObjects (8ms)
			BackupInstance (0ms)
			ReleaseScriptingObjects (0ms)
			CreateAndSetChildDomain (45ms)
		EndReloadAssembly (918ms)
			LoadAssemblies (84ms)
			RebuildTransferFunctionScriptingTraits (0ms)
			SetupTypeCache (221ms)
			ReleaseScriptCaches (2ms)
			RebuildScriptCaches (59ms)
			SetupLoadedEditorAssemblies (502ms)
				LogAssemblyErrors (0ms)
				InitializePlatformSupportModulesInManaged (13ms)
				SetLoadedEditorAssemblies (1ms)
				RefreshPlugins (1ms)
				BeforeProcessingInitializeOnLoad (68ms)
				ProcessInitializeOnLoadAttributes (241ms)
				ProcessInitializeOnLoadMethodAttributes (175ms)
				AfterProcessingInitializeOnLoad (3ms)
				EditorAssembliesLoaded (0ms)
			ExecutionOrderSort2 (0ms)
			AwakeInstancesAfterBackupRestoration (7ms)
Platform modules already initialized, skipping
Refreshing native plugins compatible for Editor in 3.39 ms, found 2 plugins.
Preloading 0 native plugins for Editor in 0.00 ms.
Unloading 2315 Unused Serialized files (Serialized files now loaded: 0)
Unloading 47 unused Assets / (25.7 KB). Loaded Objects now: 2829.
Memory consumption went from 102.1 MB to 102.1 MB.
Total: 5.870000 ms (FindLiveObjects: 0.188200 ms CreateObjectMapping: 0.122700 ms MarkObjects: 5.533000 ms  DeleteObjects: 0.024900 ms)

AssetImportParameters requested are different than current active one (requested -> active):
  custom:video-decoder-ogg-theora: a1e56fd34408186e4bbccfd4996cb3dc -> 
  custom:container-muxer-webm: aa71ff27fc2769a1b78a27578f13a17b -> 
  custom:container-demuxer-webm: 4f35f7cbe854078d1ac9338744f61a02 -> 
  custom:video-encoder-webm-vp8: eb34c28f22e8b96e1ab97ce403110664 -> 
  custom:audio-encoder-webm-vorbis: bf7c407c2cedff20999df2af8eb42d56 -> 
  custom:framework-win-MediaFoundation: 216162199b28c13a410421893ffa2e32 -> 
  custom:container-demuxer-ogg: 62fdf1f143b41e24485cea50d1cbac27 -> 
  custom:video-decoder-webm-vp8: 9c59270c3fd7afecdb556c50c9e8de78 -> 
  custom:audio-decoder-ogg-vorbis: bf7c407c2cedff20999df2af8eb42d56 -> 
