
=== Mon Jun 20 14:05:35 2022

Packages were changed.
Update Mode: updateDependencies

The following packages were added:
  com.unity.2d.sprite@1.0.0
  com.unity.2d.tilemap@1.0.0
  com.unity.collab-proxy@1.15.16
  com.unity.ide.rider@3.0.14
  com.unity.ide.visualstudio@2.0.15
  com.unity.ide.vscode@1.2.5
  com.unity.modules.androidjni@1.0.0
  com.unity.test-framework@1.1.31
  com.unity.timeline@1.6.4
  com.unity.ugui@1.0.0
  com.unity.xr.legacyinputhelpers@2.1.9
The following packages were updated:
  com.unity.ads from version 2.0.8 to 3.7.5
  com.unity.analytics from version 2.0.16 to 3.6.12
  com.unity.purchasing from version 2.0.3 to 4.1.4
  com.unity.textmeshpro from version 1.2.4 to 3.0.6
The following packages were removed:
  com.unity.package-manager-ui@1.9.11

=== Thu Apr 20 10:30:08 2023

Packages were changed.
Update Mode: updateDependencies

The following packages were updated:
  com.unity.ads from version 3.7.5 to 4.4.1
  com.unity.collab-proxy from version 1.15.16 to 2.0.3
  com.unity.ide.rider from version 3.0.14 to 3.0.18
  com.unity.ide.visualstudio from version 2.0.15 to 2.0.17
  com.unity.purchasing from version 4.1.4 to 4.7.0
  com.unity.xr.legacyinputhelpers from version 2.1.9 to 2.1.10

=== Mon Jun 16 11:58:30 2025

Packages were changed.
Update Mode: updateDependencies

The following packages were added:
  com.unity.ai.navigation@2.0.8
  com.unity.modules.accessibility@1.0.0
  com.unity.multiplayer.center@1.0.0
The following packages were updated:
  com.unity.analytics from version 3.6.12 to 3.8.1
  com.unity.collab-proxy from version 2.0.3 to 2.8.2
  com.unity.ide.rider from version 3.0.18 to 3.0.36
  com.unity.ide.visualstudio from version 2.0.17 to 2.0.23
  com.unity.purchasing from version 4.7.0 to 4.12.2
  com.unity.test-framework from version 1.1.31 to 1.5.1
  com.unity.timeline from version 1.6.4 to 1.8.7
  com.unity.ugui from version 1.0.0 to 2.0.0
  com.unity.xr.legacyinputhelpers from version 2.1.10 to 2.1.12
The following packages were removed:
  com.unity.textmeshpro@3.0.6
